
     1        9 program Sum;  
     2        9 var  
     3        9    Sum1 : real;  
     4       10    Sum2 : real;  
     5       11    i    : integer;  
     6       12    j    : integer;  
     7       13 begin  
     8        3    Sum1 := 0.0;  
     9        7    FOR i := -30 to 30 DO  
    10       16      begin  
    11       16        writeln(i:3, '  ',Sum1:12);  
    12       31        Sum1 := Sum1 + exp(i*ln(10));  
    13       41      end;  
    14       45   
    15       45    writeln;  
    16       47    Sum2 := 0.0;  
    17       49    FOR j:= 30 DOwnto -30 DO  
    18       58      begin  
    19       58        writeln(j:3, '  ',Sum2:12);  
    20       73        Sum2 := Sum2 + exp(j*ln(10));  
    21       83      end;  
    22       87   
    23       87    writeln('Sum1 = ',Sum1:12);  
    24       98    writeln('Sum2 = ',Sum2:12);  
    25      109    writeln('Difference = ', abs(Sum1 - Sum2):12 );  
    26      123 end. 


Output from running sums:

-30   0.00000E+00
-29   1.00000E-30
-28   1.10000E-29
-27   1.11000E-28
-26   1.11100E-27
-25   1.11110E-26
-24   1.11111E-25
-23   1.11111E-24
-22   1.11111E-23
-21   1.11111E-22
-20   1.11111E-21
-19   1.11111E-20
-18   1.11111E-19
-17   1.11111E-18
-16   1.11111E-17
-15   1.11111E-16
-14   1.11111E-15
-13   1.11111E-14
-12   1.11111E-13
-11   1.11111E-12
-10   1.11111E-11
 -9   1.11111E-10
 -8   1.11111E-09
 -7   1.11111E-08
 -6   1.11111E-07
 -5   1.11111E-06
 -4   1.11111E-05
 -3   1.11111E-04
 -2   1.11111E-03
 -1   1.11111E-02
  0   1.11111E-01
  1   1.11111E+00
  2   1.11111E+01
  3   1.11111E+02
  4   1.11111E+03
  5   1.11111E+04
  6   1.11111E+05
  7   1.11111E+06
  8   1.11111E+07
  9   1.11111E+08
 10   1.11111E+09
 11   1.11111E+10
 12   1.11111E+11
 13   1.11111E+12
 14   1.11111E+13
 15   1.11111E+14
 16   1.11111E+15
 17   1.11111E+16
 18   1.11111E+17
 19   1.11111E+18
 20   1.11111E+19
 21   1.11111E+20
 22   1.11111E+21
 23   1.11111E+22
 24   1.11111E+23
 25   1.11111E+24
 26   1.11111E+25
 27   1.11111E+26
 28   1.11111E+27
 29   1.11111E+28
 30   1.11111E+29

 30   0.00000E+00
 29   1.00000E+30
 28   1.10000E+30
 27   1.11000E+30
 26   1.11100E+30
 25   1.11110E+30
 24   1.11111E+30
 23   1.11111E+30
 22   1.11111E+30
 21   1.11111E+30
 20   1.11111E+30
 19   1.11111E+30
 18   1.11111E+30
 17   1.11111E+30
 16   1.11111E+30
 15   1.11111E+30
 14   1.11111E+30
 13   1.11111E+30
 12   1.11111E+30
 11   1.11111E+30
 10   1.11111E+30
  9   1.11111E+30
  8   1.11111E+30
  7   1.11111E+30
  6   1.11111E+30
  5   1.11111E+30
  4   1.11111E+30
  3   1.11111E+30
  2   1.11111E+30
  1   1.11111E+30
  0   1.11111E+30
 -1   1.11111E+30
 -2   1.11111E+30
 -3   1.11111E+30
 -4   1.11111E+30
 -5   1.11111E+30
 -6   1.11111E+30
 -7   1.11111E+30
 -8   1.11111E+30
 -9   1.11111E+30
-10   1.11111E+30
-11   1.11111E+30
-12   1.11111E+30
-13   1.11111E+30
-14   1.11111E+30
-15   1.11111E+30
-16   1.11111E+30
-17   1.11111E+30
-18   1.11111E+30
-19   1.11111E+30
-20   1.11111E+30
-21   1.11111E+30
-22   1.11111E+30
-23   1.11111E+30
-24   1.11111E+30
-25   1.11111E+30
-26   1.11111E+30
-27   1.11111E+30
-28   1.11111E+30
-29   1.11111E+30
-30   1.11111E+30
Sum1 =  1.11111E+30
Sum2 =  1.11111E+30
Difference =  1.51116E+23
